[debug] [2023-12-25T00:44:52.376Z] ----------------------------------------------------------------------
[debug] [2023-12-25T00:44:52.378Z] Command:       /usr/local/bin/node /usr/local/bin/firebase init
[debug] [2023-12-25T00:44:52.378Z] CLI Version:   12.9.1
[debug] [2023-12-25T00:44:52.378Z] Platform:      darwin
[debug] [2023-12-25T00:44:52.378Z] Node Version:  v20.10.0
[debug] [2023-12-25T00:44:52.379Z] Time:          Sun Dec 24 2023 18:44:52 GMT-0600 (Central Standard Time)
[debug] [2023-12-25T00:44:52.379Z] ----------------------------------------------------------------------
[debug] 
[debug] [2023-12-25T00:44:52.380Z] >>> [apiv2][query] GET https://firebase-public.firebaseio.com/cli.json [none]
[debug] [2023-12-25T00:44:52.401Z] > command requires scopes: ["email","openid","https://www.googleapis.com/auth/cloudplatformprojects.readonly","https://www.googleapis.com/auth/firebase","https://www.googleapis.com/auth/cloud-platform"]
[debug] [2023-12-25T00:44:52.401Z] > authorizing via signed-in user (georgev2403@gmail.com)
[info] 
     ######## #### ########  ######## ########     ###     ######  ########
     ##        ##  ##     ## ##       ##     ##  ##   ##  ##       ##
     ######    ##  ########  ######   ########  #########  ######  ######
     ##        ##  ##    ##  ##       ##     ## ##     ##       ## ##
     ##       #### ##     ## ######## ########  ##     ##  ######  ########

You're about to initialize a Firebase project in this directory:

  /Users/georgevarghese/Documents/VS Code Projects/expense_tracker

[debug] [2023-12-25T00:44:52.675Z] <<< [apiv2][status] GET https://firebase-public.firebaseio.com/cli.json 200
[debug] [2023-12-25T00:44:52.676Z] <<< [apiv2][body] GET https://firebase-public.firebaseio.com/cli.json {"cloudBuildErrorAfter":1594252800000,"cloudBuildWarnAfter":1590019200000,"defaultNode10After":1594252800000,"minVersion":"3.0.5","node8DeploysDisabledAfter":1613390400000,"node8RuntimeDisabledAfter":1615809600000,"node8WarnAfter":1600128000000}
[info] 
=== Project Setup
[info] 
[info] First, let's associate this project directory with a Firebase project.
[info] You can create multiple project aliases by running firebase use --add, 
[info] but for now we'll just set up a default project.
[info] 
[debug] [2023-12-25T00:57:49.114Z] > refreshing access token with scopes: []
[debug] [2023-12-25T00:57:49.117Z] >>> [apiv2][query] POST https://www.googleapis.com/oauth2/v3/token [none]
[debug] [2023-12-25T00:57:49.117Z] >>> [apiv2][body] POST https://www.googleapis.com/oauth2/v3/token [omitted]
[debug] [2023-12-25T00:57:49.351Z] <<< [apiv2][status] POST https://www.googleapis.com/oauth2/v3/token 200
[debug] [2023-12-25T00:57:49.352Z] <<< [apiv2][body] POST https://www.googleapis.com/oauth2/v3/token [omitted]
[debug] [2023-12-25T00:57:49.365Z] >>> [apiv2][query] GET https://firebase.googleapis.com/v1beta1/projects pageSize=100
[debug] [2023-12-25T00:57:50.020Z] <<< [apiv2][status] GET https://firebase.googleapis.com/v1beta1/projects 200
[debug] [2023-12-25T00:57:50.020Z] <<< [apiv2][body] GET https://firebase.googleapis.com/v1beta1/projects [omitted]
[info] i  Using project expense-tracker-a4157 (expense-tracker) 
[info] 
=== Hosting Setup
[debug] [2023-12-25T00:58:36.427Z] >>> [apiv2][query] GET https://firebase.googleapis.com/v1beta1/projects/expense-tracker-a4157 [none]
[debug] [2023-12-25T00:58:36.645Z] <<< [apiv2][status] GET https://firebase.googleapis.com/v1beta1/projects/expense-tracker-a4157 200
[debug] [2023-12-25T00:58:36.646Z] <<< [apiv2][body] GET https://firebase.googleapis.com/v1beta1/projects/expense-tracker-a4157 {"projectId":"expense-tracker-a4157","projectNumber":"221451779990","displayName":"expense-tracker","name":"projects/expense-tracker-a4157","resources":{"hostingSite":"expense-tracker-a4157"},"state":"ACTIVE","etag":"1_828dcea3-bd72-42b2-af89-12ca5f866bce"}
[info] 
[info] Your public directory is the folder (relative to your project directory) that
[info] will contain Hosting assets to be uploaded with firebase deploy. If you
[info] have a build process for your assets, use your build's output directory.
[info] 
[info] ✔  Wrote public/404.html 
[debug] [2023-12-25T00:59:13.271Z] >>> [apiv2][query] GET https://www.gstatic.com/firebasejs/releases.json [none]
[debug] [2023-12-25T00:59:13.688Z] <<< [apiv2][status] GET https://www.gstatic.com/firebasejs/releases.json 200
[debug] [2023-12-25T00:59:13.689Z] <<< [apiv2][body] GET https://www.gstatic.com/firebasejs/releases.json {"current":{"version":"10.7.1","browserURL":"https://www.gstatic.com/firebasejs/10.7.1/firebase.js","packageURL":"https://www.gstatic.com/firebasejs/10.7.1/firebase.tgz"},"live":{"version":"10.7","browserURL":"https://www.gstatic.com/firebasejs/live/10.7/firebase.js","packageURL":"https://www.gstatic.com/firebasejs/live/10.7/firebase.tgz"},"components":{"analytics":"https://www.gstatic.com/firebasejs/10.7.1/firebase-analytics.js","app":"https://www.gstatic.com/firebasejs/10.7.1/firebase-app.js","app-check":"https://www.gstatic.com/firebasejs/10.7.1/firebase-app-check.js","auth":"https://www.gstatic.com/firebasejs/10.7.1/firebase-auth.js","auth/cordova":"https://www.gstatic.com/firebasejs/10.7.1/firebase-auth/cordova.js","functions":"https://www.gstatic.com/firebasejs/10.7.1/firebase-functions.js","firestore":"https://www.gstatic.com/firebasejs/10.7.1/firebase-firestore.js","firestore/lite":"https://www.gstatic.com/firebasejs/10.7.1/firebase-firestore/lite.js","installations":"https://www.gstatic.com/firebasejs/10.7.1/firebase-installations.js","storage":"https://www.gstatic.com/firebasejs/10.7.1/firebase-storage.js","performance":"https://www.gstatic.com/firebasejs/10.7.1/firebase-performance.js","remote-config":"https://www.gstatic.com/firebasejs/10.7.1/firebase-remote-config.js","messaging":"https://www.gstatic.com/firebasejs/10.7.1/firebase-messaging.js","messaging/sw":"https://www.gstatic.com/firebasejs/10.7.1/firebase-messaging/sw.js","database":"https://www.gstatic.com/firebasejs/10.7.1/firebase-database.js","firestore.memory":"https://www.gstatic.com/firebasejs/10.7.1/firebase-firestore.memory.js"}}
[info] i  Skipping write of public/index.html 
[info] 
[info] i  Detected a .git folder at /Users/georgevarghese/Documents/VS Code Projects/expense_tracker 
[info] i  Authorizing with GitHub to upload your service account to a GitHub repository's secrets store. 
[info] 
[info] Visit this URL on this device to log in:
[info] https://github.com/login/oauth/authorize?client_id=89cf50f02ac6aaed3484&state=459577611&redirect_uri=http%3A%2F%2Flocalhost%3A9005&scope=read%3Auser%20repo%20public_repo
[info] 
[info] Waiting for authentication...
[debug] [2023-12-25T01:01:52.538Z] >>> [apiv2][query] POST https://github.com/login/oauth/access_token [none]
[debug] [2023-12-25T01:01:52.538Z] >>> [apiv2][body] POST https://github.com/login/oauth/access_token [stream]
[debug] [2023-12-25T01:01:52.867Z] <<< [apiv2][status] POST https://github.com/login/oauth/access_token 200
[debug] [2023-12-25T01:01:52.868Z] <<< [apiv2][body] POST https://github.com/login/oauth/access_token {"access_token":"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","token_type":"bearer","scope":"read:user,repo"}
[debug] [2023-12-25T01:01:52.877Z] >>> [apiv2][query] GET https://api.github.com/user [none]
[debug] [2023-12-25T01:01:53.312Z] <<< [apiv2][status] GET https://api.github.com/user 200
[debug] [2023-12-25T01:01:53.313Z] <<< [apiv2][body] GET https://api.github.com/user {"login":"PREZGV","id":116239815,"node_id":"U_kgDOBu2txw","avatar_url":"https://avatars.githubusercontent.com/u/116239815?v=4","gravatar_id":"","url":"https://api.github.com/users/PREZGV","html_url":"https://github.com/PREZGV","followers_url":"https://api.github.com/users/PREZGV/followers","following_url":"https://api.github.com/users/PREZGV/following{/other_user}","gists_url":"https://api.github.com/users/PREZGV/gists{/gist_id}","starred_url":"https://api.github.com/users/PREZGV/starred{/owner}{/repo}","subscriptions_url":"https://api.github.com/users/PREZGV/subscriptions","organizations_url":"https://api.github.com/users/PREZGV/orgs","repos_url":"https://api.github.com/users/PREZGV/repos","events_url":"https://api.github.com/users/PREZGV/events{/privacy}","received_events_url":"https://api.github.com/users/PREZGV/received_events","type":"User","site_admin":false,"name":null,"company":null,"blog":"","location":null,"email":null,"hireable":null,"bio":null,"twitter_username":null,"public_repos":3,"public_gists":0,"followers":1,"following":0,"created_at":"2022-10-20T02:28:32Z","updated_at":"2023-04-15T18:25:44Z","private_gists":0,"total_private_repos":0,"owned_private_repos":0,"disk_usage":12221,"collaborators":0,"two_factor_authentication":false,"plan":{"name":"free","space":976562499,"collaborators":0,"private_repos":10000}}
[info] 
[info] ✔  Success! Logged into GitHub as PREZGV 
[info] 
